<?xml version="1.0" encoding="UTF-8"?>
<!-- Generated by org.testng.reporters.JUnitReportReporter -->
<testsuite hostname="DESKTOP-4T7HNED" failures="0" tests="1" name="testCase.LoginTest" time="68.098" errors="0" timestamp="2023-07-09T20:19:30 IST" skipped="0">
  <testcase classname="testCase.LoginTest" name="login" time="68.098"/>
</testsuite> <!-- testCase.LoginTest -->
