<?xml version="1.0" encoding="UTF-8"?>
<!-- Generated by org.testng.reporters.JUnitReportReporter -->
<testsuite hostname="DESKTOP-4T7HNED" failures="0" tests="1" name="testCase.LoginTest" time="78.946" errors="0" timestamp="2023-06-21T18:46:33 IST" skipped="0">
  <testcase classname="testCase.LoginTest" name="test1" time="78.946"/>
</testsuite> <!-- testCase.LoginTest -->
