<?xml version="1.0" encoding="UTF-8"?>
<!-- Generated by org.testng.reporters.JUnitReportReporter -->
<testsuite hostname="DESKTOP-4T7HNED" failures="0" tests="1" name="com.selenium1.Base" time="10.593" errors="0" timestamp="2023-06-11T22:04:15 IST" skipped="0">
  <testcase classname="com.selenium1.Base" name="test1" time="10.593"/>
</testsuite> <!-- com.selenium1.Base -->
