<?xml version="1.0" encoding="UTF-8"?>
<!-- Generated by org.testng.reporters.JUnitReportReporter -->
<testsuite hostname="DESKTOP-4T7HNED" failures="0" tests="1" name="testCase.Dropdown" time="34.021" errors="0" timestamp="2023-06-20T13:11:27 IST" skipped="0">
  <testcase classname="testCase.Dropdown" name="test" time="34.021"/>
</testsuite> <!-- testCase.Dropdown -->
